581  mkdir Assignment3
  582  la
  583  ls
  584  cd Assignment3
  585  wget https://raw.githubusercontent.com/jyotikahp/DemoRepoForCS131/main/last.fake
  586  wget https://raw.githubusercontent.com/jyotikahp/DemoRepoForCS131/main/passwd.fake
Task 1
  626  cd Assignment3
  627  wc -l last.fake
  628  sed -n '/sp24/p' last.fake > lastsp24.fake
  629  wc -l lastsp24.fake
Task 2
  630  awk '/Sun/ {print $1}' lastsp24.fake | sort | uniq | awk 'BEGIN {printf "The list of people who worked on Sunday are:\n"} {printf "%s\n", $0} END {print "Kudos to these people for putting in the work"}'
Task 3
  631  awk '$6 ~ /^(23:|00:|01:|02:|03:|04:)/ {print $1}' lastsp24.fake | sort | uniq
  632  awk '$6 ~ /^(23:|00:|01:|02:|03:|04:)/ {print $1} END {print "Night Owls are dope. Please ensure you get enough sleep though."}' lastsp24.fake | sort | uniq
  633  clear
  634  awk '$6 ~ /^(23:|00:|01:|02:|03:|04:)/ {print $1} END {print "Night Owls are dope. Please ensure you get enough sleep though."}' lastsp24.fake | sort | uniq
  635  clear
  636  awk '$6 ~ /^(23:|00:|01:|02:|03:|04:)/ {print $1} END {print "Night Owls are dope. Please ensure you get enough sleep though."}' lastsp24.fake | sort | uniq
  637  clear
  638  awk '$6 ~ /^(23:|00:|01:|02:|03:|04:)/ {print $1}' lastsp24.fake | sort | uniq
  639  awk '$6 ~ /^(23:|00:|01:|02:|03:|04:)/ {print $1} END {print "Night Owls are dope. Please ensure you get enough sleep though."}' lastsp24.fake | sort | uniq | awk 'BEGIN {print "Night Owls List:"} {print}' 
  640  clear
  641  awk '$6 ~ /^(23:|00:|01:|02:|03:|04:)/ {print $1} END {print "Night Owls are dope. Please ensure you get enough sleep though."}' lastsp24.fake | sort | uniq | awk 'BEGIN {print "Night Owls List:"} {print}' 
  642  clear
  643  awk '$6 ~ /^(23:|00:|01:|02:|03:|04:)/ {print $1}' lastsp24.fake | sort | uniq | awk 'BEGIN {print "Night Owls List:"} {print} END {print "Night Owls are dope. Please ensure you get enough sleep though."}'
  644  clear
Task 4
  645  awk '$6 ~ /^(0[5-9]:|10:)/ {print $1}' lastsp24.fake | sort | uniq | awk 'BEGIN {print "Early Birds List:"} {print} END {print "Early Birds are dope. Please ensure you get enough sleep though."}'
  646  clear
  647  awk '$6 ~ /^(0[5-9]:|10:)/ {print $1}' lastsp24.fake | sort | uniq; echo "Early Birds are dope. Please ensure you get enough sleep though."
  648  clear
Task 5
  649  awk '$1 ~ /^t/' lastsp24.fake
  650  clear
Task 6
  651  awk -F: '$1 ~ /^a/ && $3 % 2 == 0' passwd.fake
  652  clear
Task 7
  653  sed 's/[[:alnum:] ]//g' passwd.fake | sed '/^$/d' | sort -u
  654  history > cmds.log
